#
# A fatal error has been detected by the Java Runtime Environment:
#
#  EXCEPTION_ACCESS_VIOLATION (0xc0000005) at pc=0x00007ffcc7b46aa8, pid=4040, tid=0x000000000000222c
#
# JRE version: Java(TM) SE Runtime Environment (8.0_181-b13) (build 1.8.0_181-b13)
# Java VM: Java HotSpot(TM) 64-Bit Server VM (25.181-b13 mixed mode windows-amd64 compressed oops)
# Problematic frame:
# C  [ntdll.dll+0x6aa8]
#
# Failed to write core dump. Minidumps are not enabled by default on client versions of Windows
#
# If you would like to submit a bug report, please visit:
#   http://bugreport.java.com/bugreport/crash.jsp
# The crash happened outside the Java Virtual Machine in native code.
# See problematic frame for where to report the bug.
#

---------------  T H R E A D  ---------------

Current thread (0x0000000002502800):  JavaThread "main" [_thread_in_native, id=8748, stack(0x0000000002400000,0x0000000002500000)]

siginfo: ExceptionCode=0xc0000005, reading address 0x00007ffc8c5b8298

Registers:
RAX=0x0000000000002ca6, RBX=0x00000000024fe850, RCX=0x000000000000b2a4, RDX=0x0000000000000ee3
RSP=0x00000000024fe200, RBP=0x0000000000000000, RSI=0x00007ffc8c5ad000, RDI=0x000000000001185e
R8 =0x00007ffc8c420000, R9 =0x0000000000000011, R10=0x000000000000000a, R11=0x00007ffcc7cb84e0
R12=0x00007ffc8c43185e, R13=0x00000000024fe290, R14=0x00000000024fe7a8, R15=0x00000000024fee70
RIP=0x00007ffcc7b46aa8, EFLAGS=0x0000000000010202

Top of Stack: (sp=0x00000000024fe200)
0x00000000024fe200:   00000000024fe850 0000000000000000
0x00000000024fe210:   0000000002646e84 00000000024ff404
0x00000000024fe220:   00007ffc8c5ad000 00007ffc8c420000
0x00000000024fe230:   0000b2a40019e000 00000000024fe790
0x00000000024fe240:   00000000024ff130 00007ffcc7b4494a
0x00000000024fe250:   00000000024fe790 0000000000000000
0x00000000024fe260:   00007ffcc7caa3f0 00007ffcc7b40000
0x00000000024fe270:   00000000024fe220 0000000002647bc0
0x00000000024fe280:   0000000000000000 0000000002647bcf
0x00000000024fe290:   000000001b904bf0 000000001b7a84d8
0x00000000024fe2a0:   0000000000000000 000000006fbf77ad
0x00000000024fe2b0:   0000000002647bc0 000000001b998fc8
0x00000000024fe2c0:   00001fa00010000f 0000000000000033
0x00000000024fe2d0:   00010213002be560 000000006fbfe362
0x00000000024fe2e0:   0000000000000010 000000001b8c8ec0
0x00000000024fe2f0:   000000001b8c7788 000000001b9997f8 

Instructions: (pc=0x00007ffcc7b46aa8)
0x00007ffcc7b46a88:   aa 4c 8b 44 24 28 33 ed 48 f7 e1 4d 89 06 48 c1
0x00007ffcc7b46a98:   ea 03 85 d2 74 60 8d 42 ff 49 2b f8 48 8d 04 40
0x00007ffcc7b46aa8:   44 8b 1c 86 4c 8d 14 86 49 3b fb 73 35 44 8d 42
0x00007ffcc7b46ab8:   fe 44 8b cd 45 85 c0 78 29 43 8d 04 08 d1 f8 48 


Register to memory mapping:

RAX=0x0000000000002ca6 is an unknown value
RBX=0x00000000024fe850 is pointing into the stack for thread: 0x0000000002502800
RCX=0x000000000000b2a4 is an unknown value
RDX=0x0000000000000ee3 is an unknown value
RSP=0x00000000024fe200 is pointing into the stack for thread: 0x0000000002502800
RBP=0x0000000000000000 is an unknown value
RSI=0x00007ffc8c5ad000 is an unknown value
RDI=0x000000000001185e is an unknown value
R8 =0x00007ffc8c420000 is an unknown value
R9 =0x0000000000000011 is an unknown value
R10=0x000000000000000a is an unknown value
R11=0x00007ffcc7cb84e0 is an unknown value
R12=0x00007ffc8c43185e is an unknown value
R13=0x00000000024fe290 is pointing into the stack for thread: 0x0000000002502800
R14=0x00000000024fe7a8 is pointing into the stack for thread: 0x0000000002502800
R15=0x00000000024fee70 is pointing into the stack for thread: 0x0000000002502800


Stack: [0x0000000002400000,0x0000000002500000],  sp=0x00000000024fe200,  free space=1016k
Native frames: (J=compiled Java code, j=interpreted, Vv=VM code, C=native code)

Java frames: (J=compiled Java code, j=interpreted, Vv=VM code)
j  sun.java2d.d3d.D3DSurfaceData.initOps(III)V+0
j  sun.java2d.d3d.D3DSurfaceData.<init>(Lsun/awt/windows/WComponentPeer;Lsun/java2d/d3d/D3DGraphicsConfig;IILjava/awt/Image;Ljava/awt/image/ColorModel;IILsun/java2d/pipe/hw/ExtendedBufferCapabilities$VSyncType;I)V+76
j  sun.java2d.d3d.D3DSurfaceData.createData(Lsun/awt/windows/WComponentPeer;Ljava/awt/Image;)Lsun/java2d/d3d/D3DSurfaceData;+117
j  sun.java2d.d3d.D3DVolatileSurfaceManager.initAcceleratedSurface()Lsun/java2d/SurfaceData;+59
j  sun.java2d.d3d.D3DVolatileSurfaceManager.restoreAcceleratedSurface()V+62
J 816 C1 sun.awt.image.VolatileSurfaceManager.validate(Ljava/awt/GraphicsConfiguration;)I (204 bytes) @ 0x000000000299f534 [0x000000000299eee0+0x654]
J 815 C1 sun.awt.image.SunVolatileImage.validate(Ljava/awt/GraphicsConfiguration;)I (9 bytes) @ 0x000000000299eac4 [0x000000000299e9c0+0x104]
J 969 C1 java.awt.Component$FlipBufferStrategy.revalidate(Z)V (143 bytes) @ 0x0000000002a1e034 [0x0000000002a1db00+0x534]
J 1123% C2 Game.gameLoop()V (1483 bytes) @ 0x0000000002ac26c4 [0x0000000002ac1280+0x1444]
j  Game.<init>()V+206
j  Game.main([Ljava/lang/String;)V+3
v  ~StubRoutines::call_stub

---------------  P R O C E S S  ---------------

Java Threads: ( => current thread )
  0x00000000266c0000 JavaThread "Image Fetcher 0" daemon [_thread_blocked, id=15756, stack(0x0000000028bd0000,0x0000000028cd0000)]
  0x000000001d976000 JavaThread "AWT-EventQueue-0" [_thread_blocked, id=3608, stack(0x0000000025130000,0x0000000025230000)]
  0x000000001d948000 JavaThread "AWT-Shutdown" [_thread_blocked, id=10020, stack(0x000000001de20000,0x000000001df20000)]
  0x000000001d947000 JavaThread "Java2D Disposer" daemon [_thread_blocked, id=14724, stack(0x000000001dd20000,0x000000001de20000)]
  0x000000001bcbd800 JavaThread "Service Thread" daemon [_thread_blocked, id=14388, stack(0x000000001d9e0000,0x000000001dae0000)]
  0x000000001bcb1000 JavaThread "C1 CompilerThread2" daemon [_thread_blocked, id=12592, stack(0x000000001d4e0000,0x000000001d5e0000)]
  0x000000001bc65800 JavaThread "C2 CompilerThread1" daemon [_thread_blocked, id=5492, stack(0x000000001d3e0000,0x000000001d4e0000)]
  0x000000001bc5f800 JavaThread "C2 CompilerThread0" daemon [_thread_blocked, id=8000, stack(0x000000001d2e0000,0x000000001d3e0000)]
  0x000000001bc5d800 JavaThread "Attach Listener" daemon [_thread_blocked, id=11580, stack(0x000000001d1e0000,0x000000001d2e0000)]
  0x000000001bc5c800 JavaThread "Signal Dispatcher" daemon [_thread_blocked, id=13400, stack(0x000000001d0e0000,0x000000001d1e0000)]
  0x000000001bc4a800 JavaThread "Finalizer" daemon [_thread_blocked, id=9596, stack(0x000000001cee0000,0x000000001cfe0000)]
  0x00000000025f3800 JavaThread "Reference Handler" daemon [_thread_blocked, id=17284, stack(0x000000001cde0000,0x000000001cee0000)]
=>0x0000000002502800 JavaThread "main" [_thread_in_native, id=8748, stack(0x0000000002400000,0x0000000002500000)]

Other Threads:
  0x000000001bc27800 VMThread [stack: 0x000000001cce0000,0x000000001cde0000] [id=5040]
  0x000000001bcbe800 WatcherThread [stack: 0x000000001dae0000,0x000000001dbe0000] [id=6040]

VM state:not at safepoint (normal execution)

VM Mutex/Monitor currently owned by a thread: None

Heap:
 PSYoungGen      total 76288K, used 36765K [0x000000076af00000, 0x0000000770400000, 0x00000007c0000000)
  eden space 65536K, 56% used [0x000000076af00000,0x000000076d2e74f8,0x000000076ef00000)
  from space 10752K, 0% used [0x000000076f980000,0x000000076f980000,0x0000000770400000)
  to   space 10752K, 0% used [0x000000076ef00000,0x000000076ef00000,0x000000076f980000)
 ParOldGen       total 175104K, used 0K [0x00000006c0c00000, 0x00000006cb700000, 0x000000076af00000)
  object space 175104K, 0% used [0x00000006c0c00000,0x00000006c0c00000,0x00000006cb700000)
 Metaspace       used 11411K, capacity 11642K, committed 11904K, reserved 1060864K
  class space    used 1310K, capacity 1389K, committed 1408K, reserved 1048576K

Card table byte_map: [0x00000000119c0000,0x00000000121c0000] byte_map_base: 0x000000000e3ba000

Marking Bits: (ParMarkBitMap*) 0x0000000070202d00
 Begin Bits: [0x0000000012b20000, 0x0000000016af0000)
 End Bits:   [0x0000000016af0000, 0x000000001aac0000)

Polling page: 0x00000000006d0000

CodeCache: size=245760Kb used=4931Kb max_used=4937Kb free=240828Kb
 bounds [0x0000000002600000, 0x0000000002ae0000, 0x0000000011600000]
 total_blobs=1642 nmethods=1141 adapters=413
 compilation: enabled

Compilation events (10 events):
Event: 19.667 Thread 0x000000001bcb1000 1136       3       Player::checkMoveVertical (76 bytes)
Event: 19.668 Thread 0x000000001bcb1000 nmethod 1136 0x0000000002ad1b90 code [0x0000000002ad1d20, 0x0000000002ad20c8]
Event: 20.317 Thread 0x000000001bcb1000 1137       3       Player::drawUp (69 bytes)
Event: 20.317 Thread 0x000000001bcb1000 nmethod 1137 0x0000000002ad1590 code [0x0000000002ad1700, 0x0000000002ad1a48]
Event: 21.095 Thread 0x000000001bc65800 1138       4       java.lang.Object::equals (11 bytes)
Event: 21.096 Thread 0x000000001bc65800 nmethod 1138 0x0000000002841b90 code [0x0000000002841cc0, 0x0000000002841d38]
Event: 21.820 Thread 0x000000001bc5f800 1139       4       java.lang.AbstractStringBuilder::append (50 bytes)
Event: 21.824 Thread 0x000000001bc5f800 nmethod 1139 0x0000000002ad0c50 code [0x0000000002ad0dc0, 0x0000000002ad1208]
Event: 22.522 Thread 0x000000001bcb1000 1141   !   3       java.util.concurrent.locks.AbstractQueuedSynchronizer::fullyRelease (54 bytes)
Event: 22.522 Thread 0x000000001bcb1000 nmethod 1141 0x0000000002ad6e10 code [0x0000000002ad6fc0, 0x0000000002ad75a8]

GC Heap History (0 events):
No events

Deoptimization events (10 events):
Event: 1.339 Thread 0x0000000002502800 Uncommon trap: reason=unstable_if action=reinterpret pc=0x00000000028e32dc method=sun.java2d.loops.RenderCache$Entry.matches(Lsun/java2d/loops/SurfaceType;Lsun/java2d/loops/CompositeType;Lsun/java2d/loops/SurfaceType;)Z @ 5
Event: 1.723 Thread 0x0000000002502800 Uncommon trap: reason=unstable_if action=reinterpret pc=0x0000000002904254 method=Game.gameLoop()V @ 1336
Event: 3.993 Thread 0x0000000002502800 Uncommon trap: reason=unstable_if action=reinterpret pc=0x0000000002933ec4 method=Game.gameLoop()V @ 480
Event: 5.860 Thread 0x0000000002502800 Uncommon trap: reason=unstable_if action=reinterpret pc=0x000000000294937c method=Game.gameLoop()V @ 327
Event: 5.885 Thread 0x0000000002502800 Uncommon trap: reason=unstable_if action=reinterpret pc=0x000000000294ea8c method=Game.gameLoop()V @ 327
Event: 5.909 Thread 0x0000000002502800 Uncommon trap: reason=unstable_if action=reinterpret pc=0x0000000002957efc method=Game.gameLoop()V @ 327
Event: 14.317 Thread 0x0000000002502800 Uncommon trap: reason=unstable_if action=reinterpret pc=0x0000000002980d90 method=Game.gameLoop()V @ 514
Event: 14.342 Thread 0x0000000002502800 Uncommon trap: reason=unstable_if action=reinterpret pc=0x00000000029876e8 method=Game.gameLoop()V @ 514
Event: 16.071 Thread 0x0000000002502800 Uncommon trap: reason=unstable_if action=reinterpret pc=0x0000000002a88e30 method=Game.gameLoop()V @ 458
Event: 16.102 Thread 0x0000000002502800 Uncommon trap: reason=unstable_if action=reinterpret pc=0x0000000002a90048 method=Game.gameLoop()V @ 458

Classes redefined (0 events):
No events

Internal exceptions (10 events):
Event: 0.055 Thread 0x0000000002502800 Exception <a 'java/lang/NoSuchMethodError': Method sun.misc.Unsafe.prefetchRead(Ljava/lang/Object;J)V name or signature does not match> (0x000000076af07f98) thrown at [C:\re\workspace\8-2-build-windows-amd64-cygwin\jdk8u181\11358\hotspot\src\share\vm\prim
Event: 0.212 Thread 0x0000000002502800 Exception <a 'java/security/PrivilegedActionException'> (0x000000076af9f968) thrown at [C:\re\workspace\8-2-build-windows-amd64-cygwin\jdk8u181\11358\hotspot\src\share\vm\prims\jvm.cpp, line 1435]
Event: 0.212 Thread 0x0000000002502800 Exception <a 'java/security/PrivilegedActionException'> (0x000000076af9fb78) thrown at [C:\re\workspace\8-2-build-windows-amd64-cygwin\jdk8u181\11358\hotspot\src\share\vm\prims\jvm.cpp, line 1435]
Event: 0.213 Thread 0x0000000002502800 Exception <a 'java/security/PrivilegedActionException'> (0x000000076afa3a88) thrown at [C:\re\workspace\8-2-build-windows-amd64-cygwin\jdk8u181\11358\hotspot\src\share\vm\prims\jvm.cpp, line 1435]
Event: 0.213 Thread 0x0000000002502800 Exception <a 'java/security/PrivilegedActionException'> (0x000000076afa3c98) thrown at [C:\re\workspace\8-2-build-windows-amd64-cygwin\jdk8u181\11358\hotspot\src\share\vm\prims\jvm.cpp, line 1435]
Event: 0.228 Thread 0x0000000002502800 Exception <a 'java/io/FileNotFoundException'> (0x000000076afa9350) thrown at [C:\re\workspace\8-2-build-windows-amd64-cygwin\jdk8u181\11358\hotspot\src\share\vm\prims\jni.cpp, line 709]
Event: 0.272 Thread 0x0000000002502800 Exception <a 'java/lang/NoSuchFieldError': method resolution failed> (0x000000076b1c22d0) thrown at [C:\re\workspace\8-2-build-windows-amd64-cygwin\jdk8u181\11358\hotspot\src\share\vm\prims\methodHandles.cpp, line 1167]
Event: 0.274 Thread 0x0000000002502800 Exception <a 'java/lang/NoSuchFieldError': method resolution failed> (0x000000076b1cf6a0) thrown at [C:\re\workspace\8-2-build-windows-amd64-cygwin\jdk8u181\11358\hotspot\src\share\vm\prims\methodHandles.cpp, line 1167]
Event: 0.341 Thread 0x0000000002502800 Exception <a 'java/io/FileNotFoundException'> (0x000000076b26aff0) thrown at [C:\re\workspace\8-2-build-windows-amd64-cygwin\jdk8u181\11358\hotspot\src\share\vm\prims\jni.cpp, line 709]
Event: 0.975 Thread 0x00000000260bb800 Implicit null exception at 0x000000000282d1d8 to 0x000000000282d27d

Events (10 events):
Event: 22.774 Thread 0x000000001d9d3800 Thread exited: 0x000000001d9d3800
Event: 22.775 Thread 0x000000001d83e800 Thread exited: 0x000000001d83e800
Event: 22.775 loading class java/util/WeakHashMap$KeyIterator
Event: 22.775 loading class java/util/WeakHashMap$HashIterator
Event: 22.776 loading class java/util/WeakHashMap$HashIterator done
Event: 22.776 loading class java/util/WeakHashMap$KeyIterator done
Event: 22.776 Thread 0x0000000026e54800 Thread exited: 0x0000000026e54800
Event: 22.776 loading class sun/java2d/pipe/hw/AccelDeviceEventNotifier
Event: 22.776 loading class sun/java2d/pipe/hw/AccelDeviceEventNotifier done
Event: 22.833 Thread 0x000000001d94d800 Thread exited: 0x000000001d94d800


Dynamic libraries:
0x00007ff696840000 - 0x00007ff696877000 	C:\Program Files\Java\jdk1.8.0_181\bin\javaw.exe
0x00007ffcc7b40000 - 0x00007ffcc7d2d000 	C:\WINDOWS\SYSTEM32\ntdll.dll
0x00007ffcc59e0000 - 0x00007ffcc5a93000 	C:\WINDOWS\System32\KERNEL32.DLL
0x00007ffcc3f80000 - 0x00007ffcc4213000 	C:\WINDOWS\System32\KERNELBASE.dll
0x00007ffcc5600000 - 0x00007ffcc56a3000 	C:\WINDOWS\System32\ADVAPI32.dll
0x00007ffcc5050000 - 0x00007ffcc50ee000 	C:\WINDOWS\System32\msvcrt.dll
0x00007ffcc5aa0000 - 0x00007ffcc5b3e000 	C:\WINDOWS\System32\sechost.dll
0x00007ffcc50f0000 - 0x00007ffcc5212000 	C:\WINDOWS\System32\RPCRT4.dll
0x00007ffcc5da0000 - 0x00007ffcc5f37000 	C:\WINDOWS\System32\USER32.dll
0x00007ffcc3d90000 - 0x00007ffcc3db0000 	C:\WINDOWS\System32\win32u.dll
0x00007ffcc5240000 - 0x00007ffcc5269000 	C:\WINDOWS\System32\GDI32.dll
0x00007ffcc3db0000 - 0x00007ffcc3f4a000 	C:\WINDOWS\System32\gdi32full.dll
0x00007ffcc4460000 - 0x00007ffcc4500000 	C:\WINDOWS\System32\msvcp_win.dll
0x00007ffcc3c10000 - 0x00007ffcc3d0a000 	C:\WINDOWS\System32\ucrtbase.dll
0x00007ffca7a50000 - 0x00007ffca7cc9000 	C:\WINDOWS\WinSxS\amd64_microsoft.windows.common-controls_6595b64144ccf1df_6.0.17763.379_none_05b83be8071c94a1\COMCTL32.dll
0x00007ffcc52d0000 - 0x00007ffcc55fd000 	C:\WINDOWS\System32\combase.dll
0x00007ffcc3d10000 - 0x00007ffcc3d8e000 	C:\WINDOWS\System32\bcryptPrimitives.dll
0x00007ffcc7a80000 - 0x00007ffcc7aae000 	C:\WINDOWS\System32\IMM32.DLL
0x000000006f810000 - 0x000000006f8e2000 	C:\Program Files\Java\jdk1.8.0_181\jre\bin\msvcr100.dll
0x000000006f9e0000 - 0x0000000070282000 	C:\Program Files\Java\jdk1.8.0_181\jre\bin\server\jvm.dll
0x00007ffcc5740000 - 0x00007ffcc5748000 	C:\WINDOWS\System32\PSAPI.DLL
0x00007ffcbb240000 - 0x00007ffcbb264000 	C:\WINDOWS\SYSTEM32\WINMM.dll
0x00007ffcbff40000 - 0x00007ffcbff4a000 	C:\WINDOWS\SYSTEM32\VERSION.dll
0x00007ffcb9ee0000 - 0x00007ffcb9ee9000 	C:\WINDOWS\SYSTEM32\WSOCK32.dll
0x00007ffcba7c0000 - 0x00007ffcba7ed000 	C:\WINDOWS\SYSTEM32\winmmbase.dll
0x00007ffcc4d20000 - 0x00007ffcc4d6a000 	C:\WINDOWS\System32\cfgmgr32.dll
0x0000000000a00000 - 0x0000000000a6d000 	C:\WINDOWS\System32\ws2_32.DLL
0x000000006f9d0000 - 0x000000006f9df000 	C:\Program Files\Java\jdk1.8.0_181\jre\bin\verify.dll
0x000000006f9a0000 - 0x000000006f9c9000 	C:\Program Files\Java\jdk1.8.0_181\jre\bin\java.dll
0x000000006f980000 - 0x000000006f996000 	C:\Program Files\Java\jdk1.8.0_181\jre\bin\zip.dll
0x00007ffcc5f50000 - 0x00007ffcc7440000 	C:\WINDOWS\System32\SHELL32.dll
0x00007ffcc5b40000 - 0x00007ffcc5be8000 	C:\WINDOWS\System32\shcore.dll
0x00007ffcc45d0000 - 0x00007ffcc4d1a000 	C:\WINDOWS\System32\windows.storage.dll
0x00007ffcc3b80000 - 0x00007ffcc3ba4000 	C:\WINDOWS\System32\profapi.dll
0x00007ffcc3bb0000 - 0x00007ffcc3c0d000 	C:\WINDOWS\System32\powrprof.dll
0x00007ffcc4ec0000 - 0x00007ffcc4f12000 	C:\WINDOWS\System32\shlwapi.dll
0x00007ffcc3b60000 - 0x00007ffcc3b71000 	C:\WINDOWS\System32\kernel.appcore.dll
0x00007ffcc4500000 - 0x00007ffcc4517000 	C:\WINDOWS\System32\cryptsp.dll
0x000000006f670000 - 0x000000006f809000 	C:\Program Files\Java\jdk1.8.0_181\jre\bin\awt.dll
0x00007ffcc4df0000 - 0x00007ffcc4ebb000 	C:\WINDOWS\System32\OLEAUT32.dll
0x00007ffcc1f20000 - 0x00007ffcc1fac000 	C:\WINDOWS\SYSTEM32\apphelp.dll
0x00007ffcc23e0000 - 0x00007ffcc240e000 	C:\WINDOWS\system32\DWMAPI.DLL
0x00007ffcc4280000 - 0x00007ffcc445b000 	C:\WINDOWS\System32\CRYPT32.dll
0x00007ffcc3b40000 - 0x00007ffcc3b52000 	C:\WINDOWS\System32\MSASN1.dll
0x00007ffcc1fd0000 - 0x00007ffcc206c000 	C:\WINDOWS\system32\uxtheme.dll
0x00007ffcb3290000 - 0x00007ffcb33b7000 	C:\WINDOWS\system32\opengl32.dll
0x00007ffcbfc40000 - 0x00007ffcbfc6c000 	C:\WINDOWS\SYSTEM32\GLU32.dll
0x00007ffcc5870000 - 0x00007ffcc59da000 	C:\WINDOWS\System32\MSCTF.dll
0x00007ffcc7920000 - 0x00007ffcc7a75000 	C:\WINDOWS\System32\ole32.dll
0x00007ffcc4220000 - 0x00007ffcc4279000 	C:\WINDOWS\System32\WINTRUST.DLL
0x00007ffcc5220000 - 0x00007ffcc523d000 	C:\WINDOWS\System32\imagehlp.dll
0x00007ffcc2f20000 - 0x00007ffcc2f53000 	C:\WINDOWS\system32\rsaenh.dll
0x00007ffcc3f50000 - 0x00007ffcc3f76000 	C:\WINDOWS\System32\bcrypt.dll
0x00007ffcc3530000 - 0x00007ffcc353c000 	C:\WINDOWS\SYSTEM32\CRYPTBASE.dll
0x00007ffca0390000 - 0x00007ffca054d000 	C:\WINDOWS\system32\nvspcap64.dll
0x00007ffcc2a50000 - 0x00007ffcc2a81000 	C:\WINDOWS\SYSTEM32\ntmarta.dll
0x000000006f620000 - 0x000000006f667000 	C:\Program Files\Java\jdk1.8.0_181\jre\bin\fontmanager.dll
0x00007ffcb5800000 - 0x00007ffcb5895000 	C:\WINDOWS\System32\TextInputFramework.dll
0x00007ffcb54d0000 - 0x00007ffcb57f2000 	C:\WINDOWS\System32\CoreUIComponents.dll
0x00007ffcc1cf0000 - 0x00007ffcc1dd2000 	C:\WINDOWS\System32\CoreMessaging.dll
0x00007ffcc02e0000 - 0x00007ffcc0433000 	C:\WINDOWS\SYSTEM32\wintypes.dll
0x00007ffcc3a70000 - 0x00007ffcc3a98000 	C:\WINDOWS\SYSTEM32\USERENV.dll
0x000000006f960000 - 0x000000006f97a000 	C:\Program Files\Java\jdk1.8.0_181\jre\bin\net.dll
0x00007ffcc3360000 - 0x00007ffcc33c7000 	C:\WINDOWS\system32\mswsock.dll
0x00007ffcc30c0000 - 0x00007ffcc30fd000 	C:\WINDOWS\SYSTEM32\IPHLPAPI.DLL
0x00007ffcc5f40000 - 0x00007ffcc5f48000 	C:\WINDOWS\System32\NSI.dll
0x00007ffcbf2c0000 - 0x00007ffcbf2d6000 	C:\WINDOWS\SYSTEM32\dhcpcsvc6.DLL
0x00007ffcbf240000 - 0x00007ffcbf25c000 	C:\WINDOWS\SYSTEM32\dhcpcsvc.DLL
0x00007ffcc3100000 - 0x00007ffcc31c6000 	C:\WINDOWS\SYSTEM32\DNSAPI.dll
0x000000006f940000 - 0x000000006f951000 	C:\Program Files\Java\jdk1.8.0_181\jre\bin\nio.dll
0x000000006f5d0000 - 0x000000006f612000 	C:\Program Files\Java\jdk1.8.0_181\jre\bin\t2k.dll
0x00007ffcbec80000 - 0x00007ffcbee6d000 	C:\WINDOWS\SYSTEM32\dbghelp.dll

VM Arguments:
jvm_args: -Dfile.encoding=Cp1252 
java_command: Game
java_class_path (initial): C:\Program Files\Java\jdk1.8.0_181\jre\lib\resources.jar;C:\Program Files\Java\jdk1.8.0_181\jre\lib\rt.jar;C:\Program Files\Java\jdk1.8.0_181\jre\lib\jsse.jar;C:\Program Files\Java\jdk1.8.0_181\jre\lib\jce.jar;C:\Program Files\Java\jdk1.8.0_181\jre\lib\charsets.jar;C:\Program Files\Java\jdk1.8.0_181\jre\lib\jfr.jar;C:\Program Files\Java\jdk1.8.0_181\jre\lib\ext\access-bridge-64.jar;C:\Program Files\Java\jdk1.8.0_181\jre\lib\ext\cldrdata.jar;C:\Program Files\Java\jdk1.8.0_181\jre\lib\ext\dnsns.jar;C:\Program Files\Java\jdk1.8.0_181\jre\lib\ext\jaccess.jar;C:\Program Files\Java\jdk1.8.0_181\jre\lib\ext\jfxrt.jar;C:\Program Files\Java\jdk1.8.0_181\jre\lib\ext\localedata.jar;C:\Program Files\Java\jdk1.8.0_181\jre\lib\ext\nashorn.jar;C:\Program Files\Java\jdk1.8.0_181\jre\lib\ext\sunec.jar;C:\Program Files\Java\jdk1.8.0_181\jre\lib\ext\sunjce_provider.jar;C:\Program Files\Java\jdk1.8.0_181\jre\lib\ext\sunmscapi.jar;C:\Program Files\Java\jdk1.8.0_181\jre\lib\ext\sunpkcs11.jar;C:\Program Files\Java\jdk1.8.0_181\jre\lib\ext\zipfs.jar;C:\Users\Rainey Fu\eclipse-workspace\Pokemon\bin
Launcher Type: SUN_STANDARD

Environment Variables:
PATH=C:/Program Files/Java/jdk1.8.0_181/jre/bin/server;C:/Program Files/Java/jdk1.8.0_181/jre/bin;C:/Program Files/Java/jdk1.8.0_181/jre/lib/amd64;C:\Program Files (x86)\Common Files\Intel\Shared Libraries\redist\intel64_win\compiler;C:\Program Files (x86)\Common Files\Intel\Shared Libraries\redist\ia32\compiler;C:\Python27;C:\Program Files\PuTTY\;C:\WINDOWS\system32;C:\WINDOWS;C:\WINDOWS\System32\Wbem;C:\WINDOWS\System32\WindowsPowerShell\v1.0\;C:\WINDOWS\System32\OpenSSH\;C:\ProgramData\Oracle\Java\javapath;C:\Program Files (x86)\Razer Chroma SDK\bin;C:\Program Files\Razer Chroma SDK\bin;C:\Program Files (x86)\Intel\iCLS Client\;C:\Program Files\Intel\iCLS Client\;C:\Windows\system32;C:\Windows;C:\Windows\System32\Wbem;C:\Windows\System32\WindowsPowerShell\v1.0\;C:\Program Files (x86)\Intel\Intel(R) Management Engine Components\DAL;C:\Program Files\Intel\Intel(R) Management Engine Components\DAL;C:\Program Files (x86)\Intel\Intel(R) Management Engine Components\IPT;C:\Program Files\Intel\Intel(R) Management Engine Components\IPT;C:\Users\Rainey Fu\.dnx\bin;C:\Program Files\Microsoft DNX\Dnvm\;C:\WINDOWS\system32;C:\WINDOWS;C:\WINDOWS\System32\Wbem;C:\WINDOWS\System32\WindowsPowerShell\v1.0\;C:\Program Files (x86)\Windows Live\Shared;C:\Program Files\nodejs\;C:\Program Files (x86)\NVIDIA Corporation\PhysX\Common;C:\Progr;C:\Users\Rainey Fu\AppData\Local\Microsoft\WindowsApps;C:\Users\Rainey Fu\AppData\Roaming\npm;C:\Users\Rainey Fu\AppData\Local\Programs\Microsoft VS Code\bin;;C:\Users\Rainey Fu\Desktop;
USERNAME=Rainey Fu
OS=Windows_NT
PROCESSOR_IDENTIFIER=Intel64 Family 6 Model 60 Stepping 3, GenuineIntel



---------------  S Y S T E M  ---------------

OS: Windows 10.0 , 64 bit Build 17763 (10.0.17763.379)

CPU:total 4 (initial active 4) (4 cores per cpu, 1 threads per core) family 6 model 60 stepping 3, cmov, cx8, fxsr, mmx, sse, sse2, sse3, ssse3, sse4.1, sse4.2, popcnt, avx, avx2, aes, clmul, erms, lzcnt, tsc, tscinvbit, bmi1, bmi2

Memory: 4k page, physical 16724516k(11183220k free), swap 21100212k(13405020k free)

vm_info: Java HotSpot(TM) 64-Bit Server VM (25.181-b13) for windows-amd64 JRE (1.8.0_181-b13), built on Jul  7 2018 04:01:33 by "java_re" with MS VC++ 10.0 (VS2010)

time: Fri Mar 15 17:08:39 2019
elapsed time: 22 seconds (0d 0h 0m 22s)

